0 info it worked if it ends with ok
1 verbose cli [ 'C:\\Program Files\\nodejs\\node.exe',
1 verbose cli   'C:\\Users\\LS\\AppData\\Roaming\\npm\\node_modules\\cnpm\\node_modules\\npm\\bin\\npm-cli.js',
1 verbose cli   '--userconfig=C:\\Users\\LS\\.cnpmrc',
1 verbose cli   '--disturl=https://npm.taobao.org/mirrors/node',
1 verbose cli   '--registry=https://registry.npm.taobao.org',
1 verbose cli   'run',
1 verbose cli   'dev' ]
2 info using npm@3.10.9
3 info using node@v6.3.0
4 verbose run-script [ 'predev', 'dev', 'postdev' ]
5 info lifecycle peerweibo@1.0.0~predev: peerweibo@1.0.0
6 silly lifecycle peerweibo@1.0.0~predev: no script for predev, continuing
7 info lifecycle peerweibo@1.0.0~dev: peerweibo@1.0.0
8 verbose lifecycle peerweibo@1.0.0~dev: unsafe-perm in lifecycle true
9 verbose lifecycle peerweibo@1.0.0~dev: PATH: C:\Users\LS\AppData\Roaming\npm\node_modules\cnpm\node_modules\npm\bin\node-gyp-bin;E:\project\PeerWeibo\node_modules\.bin;C:\Python27\;C:\Python27\Scripts;C:\Python35\;C:\Python35\Scripts\;C:\Program Files (x86)\Google\Chrome\Application;C:\Python27\Lib\site-packages\django;C:\ProgramData\Oracle\Java\javapath;C:\Program Files (x86)\NVIDIA Corporation\PhysX\Common;C:\WINDOWS\system32;C:\WINDOWS;C:\WINDOWS\System32\Wbem;C:\WINDOWS\System32\WindowsPowerShell\v1.0\;C:\Program Files\TortoiseSVN\bin;C:\Program Files (x86)\Git\cmd;C:\Program Files (x86)\Mercurial;C:\ffmpeg\bin;C:\Program Files\nodejs\;C:\Program Files\Steel Bank Common Lisp\1.3.11\;C:\Program Files\Microsoft SQL Server\110\Tools\Binn\;nginx-1.6.2;C:\Users\LS\AppData\Roaming\npm
10 verbose lifecycle peerweibo@1.0.0~dev: CWD: E:\project\PeerWeibo
11 silly lifecycle peerweibo@1.0.0~dev: Args: [ '/d /s /c', 'webpack-dev-server --inline' ]
12 silly lifecycle peerweibo@1.0.0~dev: Returned: code: 3221225786  signal: null
13 info lifecycle peerweibo@1.0.0~dev: Failed to exec dev script
14 verbose stack Error: peerweibo@1.0.0 dev: `webpack-dev-server --inline`
14 verbose stack Exit status 3221225786
14 verbose stack     at EventEmitter.<anonymous> (C:\Users\LS\AppData\Roaming\npm\node_modules\cnpm\node_modules\npm\lib\utils\lifecycle.js:255:16)
14 verbose stack     at emitTwo (events.js:106:13)
14 verbose stack     at EventEmitter.emit (events.js:191:7)
14 verbose stack     at ChildProcess.<anonymous> (C:\Users\LS\AppData\Roaming\npm\node_modules\cnpm\node_modules\npm\lib\utils\spawn.js:40:14)
14 verbose stack     at emitTwo (events.js:106:13)
14 verbose stack     at ChildProcess.emit (events.js:191:7)
14 verbose stack     at maybeClose (internal/child_process.js:852:16)
14 verbose stack     at Process.ChildProcess._handle.onexit (internal/child_process.js:215:5)
15 verbose pkgid peerweibo@1.0.0
16 verbose cwd E:\project\PeerWeibo
17 error Windows_NT 10.0.10586
18 error argv "C:\\Program Files\\nodejs\\node.exe" "C:\\Users\\LS\\AppData\\Roaming\\npm\\node_modules\\cnpm\\node_modules\\npm\\bin\\npm-cli.js" "--userconfig=C:\\Users\\LS\\.cnpmrc" "--disturl=https://npm.taobao.org/mirrors/node" "--registry=https://registry.npm.taobao.org" "run" "dev"
19 error node v6.3.0
20 error npm  v3.10.9
21 error code ELIFECYCLE
22 error peerweibo@1.0.0 dev: `webpack-dev-server --inline`
22 error Exit status 3221225786
23 error Failed at the peerweibo@1.0.0 dev script 'webpack-dev-server --inline'.
23 error Make sure you have the latest version of node.js and npm installed.
23 error If you do, this is most likely a problem with the peerweibo package,
23 error not with npm itself.
23 error Tell the author that this fails on your system:
23 error     webpack-dev-server --inline
23 error You can get information on how to open an issue for this project with:
23 error     npm bugs peerweibo
23 error Or if that isn't available, you can get their info via:
23 error     npm owner ls peerweibo
23 error There is likely additional logging output above.
24 verbose exit [ 1, true ]
